<?xml version="1.0" encoding="UTF-8"?>
<!-- Generated by org.testng.reporters.JUnitReportReporter -->
<testsuite hostname="KRISSELL01" failures="0" tests="1" name="com.sdet.labs.Restful_Web_Services_Test" time="1.801" errors="0" timestamp="2023-10-24T22:06:23 SGT" skipped="0">
  <testcase classname="com.sdet.labs.Restful_Web_Services_Test" name="PostRequestTest" time="1.801"/>
  <system-out/>
</testsuite> <!-- com.sdet.labs.Restful_Web_Services_Test -->
