<?xml version="1.0" encoding="UTF-8"?>
<!-- Generated by org.testng.reporters.JUnitReportReporter -->
<testsuite hostname="KRISSELL01" failures="0" tests="7" name="cucumberOptions.CucumberRunner" time="7.085" errors="0" timestamp="2023-10-24T22:06:46 SGT" skipped="0">
  <testcase classname="cucumberOptions.CucumberRunner" name="runScenario" time="1.323"/>
  <system-out/>
  <testcase classname="cucumberOptions.CucumberRunner" name="runScenario" time="1.746"/>
  <system-out/>
  <testcase classname="cucumberOptions.CucumberRunner" name="runScenario" time="0.684"/>
  <system-out/>
  <testcase classname="cucumberOptions.CucumberRunner" name="runScenario" time="0.950"/>
  <system-out/>
  <testcase classname="cucumberOptions.CucumberRunner" name="runScenario" time="0.479"/>
  <system-out/>
  <testcase classname="cucumberOptions.CucumberRunner" name="runScenario" time="0.941"/>
  <system-out/>
  <testcase classname="cucumberOptions.CucumberRunner" name="runScenario" time="0.962"/>
  <system-out/>
</testsuite> <!-- cucumberOptions.CucumberRunner -->
