<?xml version="1.0" encoding="UTF-8"?>
<!-- Generated by org.testng.reporters.JUnitReportReporter -->
<testsuite hostname="KRISSELL01" failures="0" tests="2" name="com.sdet.labs.Soap_Web_Services_Test" time="1.413" errors="0" timestamp="24 Oct 2023 13:32:26 GMT" skipped="0">
  <testcase classname="com.sdet.labs.Soap_Web_Services_Test" name="PostRequestTest" time="0.677"/>
  <testcase classname="com.sdet.labs.Soap_Web_Services_Test" name="GetRequestTest" time="0.736"/>
</testsuite> <!-- com.sdet.labs.Soap_Web_Services_Test -->
